[2024-11-13 09:55:16] - GET 404 - /gcms/
[2024-11-13 09:55:57] - GET 404 - /gcms/
[2024-11-13 09:56:03] - GET 404 - /gcms/login
[2024-11-13 09:56:28] - GET 200 - /login
[2024-11-13 09:58:01] - GET 200 - /dashboard
[2024-11-13 09:59:23] - GET 200 - /counseling
[2024-11-13 09:59:34] - GET 404 - //images/profile/019a36132fb654da26162f07887e1f78.jpg
[2024-11-13 09:59:34] - GET 404 - //images/profile/10ef51734549a9921f48b78fe283c8ca.jpg
[2024-11-13 09:59:53] - GET 200 - /login
[2024-11-13 10:00:15] - GET 200 - /login
[2024-11-13 10:04:08] - GET 200 - /login
[2024-11-13 10:04:19] - GET 200 - /schoolyear
[2024-11-13 10:04:28] - GET 200 - /login
[2024-11-13 10:04:55] - GET 200 - /schoolyear
[2024-11-13 10:05:03] - GET 200 - /login
[2024-11-13 10:05:22] - POST 500 - /api/post/login
[2024-11-13 10:05:24] - GET 500 - /css/tailwind.css
[2024-11-13 10:05:27] - GET 500 - /vendor/sweetalert2/sweetalert2.min.js
[2024-11-13 10:05:29] - GET 500 - /vendor/sweetalert2/sweetalert2.min.css
[2024-11-13 10:05:31] - GET 500 - /css/custom.css
[2024-11-13 10:05:33] - GET 500 - /vendor/bootstrap/icons/bootstrap-icons.css
[2024-11-13 10:05:36] - GET 500 - /vendor/bootstrap/css/bootstrap.min.css
[2024-11-13 10:05:38] - GET 500 - /images/guidance-logo-loader.png
[2024-11-13 10:05:40] - GET 500 - /vendor/jquery/jquery-3.7.1.min.js
[2024-11-13 10:05:42] - GET 500 - /vendor/bootstrap/js/bootstrap.bundle.min.js
[2024-11-13 10:05:45] - GET 500 - /images/logo.jpg
[2024-11-13 10:19:06] - GET 200 - /schoolyear
[2024-11-13 10:20:07] - GET 200 - /login
[2024-11-13 10:25:42] - GET 200 - /login
[2024-11-13 10:26:07] - GET 200 - /login
[2024-11-13 10:26:36] - GET 200 - /login
[2024-11-13 10:28:02] - GET 200 - /login
[2024-11-13 10:46:36] - GET 500 - /login
[2024-11-13 10:46:37] - GET 500 - /css/tailwind.css
[2024-11-13 10:46:37] - GET 500 - /vendor/bootstrap/css/bootstrap.min.css
[2024-11-13 10:46:37] - GET 500 - /css/custom.css
[2024-11-13 10:46:37] - GET 500 - /vendor/sweetalert2/sweetalert2.min.js
[2024-11-13 10:46:37] - GET 500 - /vendor/bootstrap/icons/bootstrap-icons.css
[2024-11-13 10:46:37] - GET 500 - /vendor/sweetalert2/sweetalert2.min.css
[2024-11-13 10:46:38] - GET 500 - /vendor/jquery/jquery-3.7.1.min.js
[2024-11-13 10:46:38] - GET 500 - /images/guidance-logo-loader.png
[2024-11-13 10:46:38] - GET 500 - /vendor/bootstrap/js/bootstrap.bundle.min.js
[2024-11-13 10:46:39] - GET 500 - /images/logo.jpg
[2024-11-13 14:35:32] - GET 200 - /login
[2024-11-13 14:35:42] - GET 200 - /schoolyear
[2024-11-13 14:35:50] - GET 200 - /accounts/admin
[2024-11-13 14:36:03] - GET 200 - /schoolyear
